14:34:44.004 - View Server is Up!

14:34:44.013 - Connecting to server: 127.0.0.1:3000
14:34:44.015 - Attemping to login - team 0
14:34:44.015 - Attemping to login - team 3
14:34:44.015 - Attemping to login - team 1
14:34:44.015 - Attemping to login - team 2
14:34:44.015 - Attemping to login - team 6
14:34:44.015 - Attemping to login - team 7
14:34:44.015 - Team 1 receiving RemoteControl object reference
14:34:44.016 - Team 3 receiving RemoteControl object reference
14:34:44.016 - Attemping to login - team 8
14:34:44.015 - Team 0 receiving RemoteControl object reference
14:34:44.015 - Team 2 receiving RemoteControl object reference
14:34:44.016 - Team 6 receiving RemoteControl object reference
14:34:44.016 - Attemping to login - team 9
14:34:44.016 - Attemping to login - team 4
14:34:44.016 - Team 7 receiving RemoteControl object reference
14:34:44.016 - Attemping to login - team 10
14:34:44.016 - Attemping to login - team 5
14:34:44.016 - Team 4 receiving RemoteControl object reference
14:34:44.016 - Team 8 receiving RemoteControl object reference
14:34:44.016 - Team 9 receiving RemoteControl object reference
14:34:44.016 - Team 10 receiving RemoteControl object reference
14:34:44.017 - Team 5 receiving RemoteControl object reference
java.rmi.NotBoundException: RemoteControl
	at sun.rmi.registry.RegistryImpl.lookup(RegistryImpl.java:166)
	at sun.rmi.registry.RegistryImpl_Skel.dispatch(Unknown Source)
	at sun.rmi.server.UnicastServerRef.oldDispatch(UnicastServerRef.java:411)
	at sun.rmi.server.UnicastServerRef.dispatch(UnicastServerRef.java:272)
	at sun.rmi.transport.Transport$1.run(Transport.java:200)
	at sun.rmi.transport.Transport$1.run(Transport.java:197)
	at java.security.AccessController.doPrivileged(Native Method)
	at sun.rmi.transport.Transport.serviceCall(Transport.java:196)
	at sun.rmi.transport.tcp.TCPTransport.handleMessages(TCPTransport.java:568)
	at sun.rmi.transport.tcp.TCPTransport$ConnectionHandler.run0(TCPTransport.java:826)
	at sun.rmi.transport.tcp.TCPTransport$ConnectionHandler.lambda$run$0(TCPTransport.java:683)
	at java.security.AccessController.doPrivileged(Native Method)
	at sun.rmi.transport.tcp.TCPTransport$ConnectionHandler.run(TCPTransport.java:682)
	at java.util.concurrent.ThreadPoolExecutor.runWorker(ThreadPoolExecutor.java:1142)
	at java.util.concurrent.ThreadPoolExecutor$Worker.run(ThreadPoolExecutor.java:617)
	at java.lang.Thread.run(Thread.java:745)
	at sun.rmi.transport.StreamRemoteCall.exceptionReceivedFromServer(Unknown Source)
	at sun.rmi.transport.StreamRemoteCall.executeCall(Unknown Source)
	at sun.rmi.server.UnicastRef.invoke(Unknown Source)
	at sun.rmi.registry.RegistryImpl_Stub.lookup(Unknown Source)
	at java.rmi.Naming.lookup(Unknown Source)
	at il.ac.haifa.is.datacomms.hw2.view.TeamClient.run(TeamClient.java:65)
	at java.lang.Thread.run(Unknown Source)
java.rmi.NotBoundException: RemoteControl
	at sun.rmi.registry.RegistryImpl.lookup(RegistryImpl.java:166)
	at sun.rmi.registry.RegistryImpl_Skel.dispatch(Unknown Source)
	at sun.rmi.server.UnicastServerRef.oldDispatch(UnicastServerRef.java:411)
	at sun.rmi.server.UnicastServerRef.dispatch(UnicastServerRef.java:272)
	at sun.rmi.transport.Transport$1.run(Transport.java:200)
	at sun.rmi.transport.Transport$1.run(Transport.java:197)
	at java.security.AccessController.doPrivileged(Native Method)
	at sun.rmi.transport.Transport.serviceCall(Transport.java:196)
	at sun.rmi.transport.tcp.TCPTransport.handleMessages(TCPTransport.java:568)
	at sun.rmi.transport.tcp.TCPTransport$ConnectionHandler.run0(TCPTransport.java:826)
	at sun.rmi.transport.tcp.TCPTransport$ConnectionHandler.lambda$run$0(TCPTransport.java:683)
	at java.security.AccessController.doPrivileged(Native Method)
	at sun.rmi.transport.tcp.TCPTransport$ConnectionHandler.run(TCPTransport.java:682)
	at java.util.concurrent.ThreadPoolExecutor.runWorker(ThreadPoolExecutor.java:1142)
	at java.util.concurrent.ThreadPoolExecutor$Worker.run(ThreadPoolExecutor.java:617)
	at java.lang.Thread.run(Thread.java:745)
	at sun.rmi.transport.StreamRemoteCall.exceptionReceivedFromServer(Unknown Source)
	at sun.rmi.transport.StreamRemoteCall.executeCall(Unknown Source)
	at sun.rmi.server.UnicastRef.invoke(Unknown Source)
	at sun.rmi.registry.RegistryImpl_Stub.lookup(Unknown Source)
	at java.rmi.Naming.lookup(Unknown Source)
	at il.ac.haifa.is.datacomms.hw2.view.TeamClient.run(TeamClient.java:65)
	at java.lang.Thread.run(Unknown Source)
java.rmi.NotBoundException: RemoteControl
	at sun.rmi.registry.RegistryImpl.lookup(RegistryImpl.java:166)
	at sun.rmi.registry.RegistryImpl_Skel.dispatch(Unknown Source)
	at sun.rmi.server.UnicastServerRef.oldDispatch(UnicastServerRef.java:411)
	at sun.rmi.server.UnicastServerRef.dispatch(UnicastServerRef.java:272)
	at sun.rmi.transport.Transport$1.run(Transport.java:200)
	at sun.rmi.transport.Transport$1.run(Transport.java:197)
	at java.security.AccessController.doPrivileged(Native Method)
	at sun.rmi.transport.Transport.serviceCall(Transport.java:196)
	at sun.rmi.transport.tcp.TCPTransport.handleMessages(TCPTransport.java:568)
	at sun.rmi.transport.tcp.TCPTransport$ConnectionHandler.run0(TCPTransport.java:826)
	at sun.rmi.transport.tcp.TCPTransport$ConnectionHandler.lambda$run$0(TCPTransport.java:683)
	at java.security.AccessController.doPrivileged(Native Method)
	at sun.rmi.transport.tcp.TCPTransport$ConnectionHandler.run(TCPTransport.java:682)
	at java.util.concurrent.ThreadPoolExecutor.runWorker(ThreadPoolExecutor.java:1142)
	at java.util.concurrent.ThreadPoolExecutor$Worker.run(ThreadPoolExecutor.java:617)
	at java.lang.Thread.run(Thread.java:745)
	at sun.rmi.transport.StreamRemoteCall.exceptionReceivedFromServer(Unknown Source)
	at sun.rmi.transport.StreamRemoteCall.executeCall(Unknown Source)
	at sun.rmi.server.UnicastRef.invoke(Unknown Source)
	at sun.rmi.registry.RegistryImpl_Stub.lookup(Unknown Source)
	at java.rmi.Naming.lookup(Unknown Source)
	at il.ac.haifa.is.datacomms.hw2.view.TeamClient.run(TeamClient.java:65)
	at java.lang.Thread.run(Unknown Source)
java.rmi.NotBoundException: RemoteControl
	at sun.rmi.registry.RegistryImpl.lookup(RegistryImpl.java:166)
	at sun.rmi.registry.RegistryImpl_Skel.dispatch(Unknown Source)
	at sun.rmi.server.UnicastServerRef.oldDispatch(UnicastServerRef.java:411)
	at sun.rmi.server.UnicastServerRef.dispatch(UnicastServerRef.java:272)
	at sun.rmi.transport.Transport$1.run(Transport.java:200)
	at sun.rmi.transport.Transport$1.run(Transport.java:197)
	at java.security.AccessController.doPrivileged(Native Method)
	at sun.rmi.transport.Transport.serviceCall(Transport.java:196)
	at sun.rmi.transport.tcp.TCPTransport.handleMessages(TCPTransport.java:568)
	at sun.rmi.transport.tcp.TCPTransport$ConnectionHandler.run0(TCPTransport.java:826)
	at sun.rmi.transport.tcp.TCPTransport$ConnectionHandler.lambda$run$0(TCPTransport.java:683)
	at java.security.AccessController.doPrivileged(Native Method)
	at sun.rmi.transport.tcp.TCPTransport$ConnectionHandler.run(TCPTransport.java:682)
	at java.util.concurrent.ThreadPoolExecutor.runWorker(ThreadPoolExecutor.java:1142)
	at java.util.concurrent.ThreadPoolExecutor$Worker.run(ThreadPoolExecutor.java:617)
	at java.lang.Thread.run(Thread.java:745)
	at sun.rmi.transport.StreamRemoteCall.exceptionReceivedFromServer(Unknown Source)
	at sun.rmi.transport.StreamRemoteCall.executeCall(Unknown Source)
	at sun.rmi.server.UnicastRef.invoke(Unknown Source)
	at sun.rmi.registry.RegistryImpl_Stub.lookup(Unknown Source)
	at java.rmi.Naming.lookup(Unknown Source)
	at il.ac.haifa.is.datacomms.hw2.view.TeamClient.run(TeamClient.java:65)
	at java.lang.Thread.run(Unknown Source)
java.rmi.NotBoundException: RemoteControl
	at sun.rmi.registry.RegistryImpl.lookup(RegistryImpl.java:166)
	at sun.rmi.registry.RegistryImpl_Skel.dispatch(Unknown Source)
	at sun.rmi.server.UnicastServerRef.oldDispatch(UnicastServerRef.java:411)
	at sun.rmi.server.UnicastServerRef.dispatch(UnicastServerRef.java:272)
	at sun.rmi.transport.Transport$1.run(Transport.java:200)
	at sun.rmi.transport.Transport$1.run(Transport.java:197)
	at java.security.AccessController.doPrivileged(Native Method)
	at sun.rmi.transport.Transport.serviceCall(Transport.java:196)
	at sun.rmi.transport.tcp.TCPTransport.handleMessages(TCPTransport.java:568)
	at sun.rmi.transport.tcp.TCPTransport$ConnectionHandler.run0(TCPTransport.java:826)
	at sun.rmi.transport.tcp.TCPTransport$ConnectionHandler.lambda$run$0(TCPTransport.java:683)
	at java.security.AccessController.doPrivileged(Native Method)
	at sun.rmi.transport.tcp.TCPTransport$ConnectionHandler.run(TCPTransport.java:682)
	at java.util.concurrent.ThreadPoolExecutor.runWorker(ThreadPoolExecutor.java:1142)
	at java.util.concurrent.ThreadPoolExecutor$Worker.run(ThreadPoolExecutor.java:617)
	at java.lang.Thread.run(Thread.java:745)
	at sun.rmi.transport.StreamRemoteCall.exceptionReceivedFromServer(Unknown Source)
	at sun.rmi.transport.StreamRemoteCall.executeCall(Unknown Source)
	at sun.rmi.server.UnicastRef.invoke(Unknown Source)
	at sun.rmi.registry.RegistryImpl_Stub.lookup(Unknown Source)
	at java.rmi.Naming.lookup(Unknown Source)
	at il.ac.haifa.is.datacomms.hw2.view.TeamClient.run(TeamClient.java:65)
	at java.lang.Thread.run(Unknown Source)
java.rmi.NotBoundException: RemoteControl
	at sun.rmi.registry.RegistryImpl.lookup(RegistryImpl.java:166)
	at sun.rmi.registry.RegistryImpl_Skel.dispatch(Unknown Source)
	at sun.rmi.server.UnicastServerRef.oldDispatch(UnicastServerRef.java:411)
	at sun.rmi.server.UnicastServerRef.dispatch(UnicastServerRef.java:272)
	at sun.rmi.transport.Transport$1.run(Transport.java:200)
	at sun.rmi.transport.Transport$1.run(Transport.java:197)
	at java.security.AccessController.doPrivileged(Native Method)
	at sun.rmi.transport.Transport.serviceCall(Transport.java:196)
	at sun.rmi.transport.tcp.TCPTransport.handleMessages(TCPTransport.java:568)
	at sun.rmi.transport.tcp.TCPTransport$ConnectionHandler.run0(TCPTransport.java:826)
	at sun.rmi.transport.tcp.TCPTransport$ConnectionHandler.lambda$run$0(TCPTransport.java:683)
	at java.security.AccessController.doPrivileged(Native Method)
	at sun.rmi.transport.tcp.TCPTransport$ConnectionHandler.run(TCPTransport.java:682)
	at java.util.concurrent.ThreadPoolExecutor.runWorker(ThreadPoolExecutor.java:1142)
	at java.util.concurrent.ThreadPoolExecutor$Worker.run(ThreadPoolExecutor.java:617)
	at java.lang.Thread.run(Thread.java:745)
	at sun.rmi.transport.StreamRemoteCall.exceptionReceivedFromServer(Unknown Source)
	at sun.rmi.transport.StreamRemoteCall.executeCall(Unknown Source)
	at sun.rmi.server.UnicastRef.invoke(Unknown Source)
	at sun.rmi.registry.RegistryImpl_Stub.lookup(Unknown Source)
	at java.rmi.Naming.lookup(Unknown Source)
	at il.ac.haifa.is.datacomms.hw2.view.TeamClient.run(TeamClient.java:65)
	at java.lang.Thread.run(Unknown Source)
java.rmi.NotBoundException: RemoteControl
	at sun.rmi.registry.RegistryImpl.lookup(RegistryImpl.java:166)
	at sun.rmi.registry.RegistryImpl_Skel.dispatch(Unknown Source)
	at sun.rmi.server.UnicastServerRef.oldDispatch(UnicastServerRef.java:411)
	at sun.rmi.server.UnicastServerRef.dispatch(UnicastServerRef.java:272)
	at sun.rmi.transport.Transport$1.run(Transport.java:200)
	at sun.rmi.transport.Transport$1.run(Transport.java:197)
	at java.security.AccessController.doPrivileged(Native Method)
	at sun.rmi.transport.Transport.serviceCall(Transport.java:196)
	at sun.rmi.transport.tcp.TCPTransport.handleMessages(TCPTransport.java:568)
	at sun.rmi.transport.tcp.TCPTransport$ConnectionHandler.run0(TCPTransport.java:826)
	at sun.rmi.transport.tcp.TCPTransport$ConnectionHandler.lambda$run$0(TCPTransport.java:683)
	at java.security.AccessController.doPrivileged(Native Method)
	at sun.rmi.transport.tcp.TCPTransport$ConnectionHandler.run(TCPTransport.java:682)
	at java.util.concurrent.ThreadPoolExecutor.runWorker(ThreadPoolExecutor.java:1142)
	at java.util.concurrent.ThreadPoolExecutor$Worker.run(ThreadPoolExecutor.java:617)
	at java.lang.Thread.run(Thread.java:745)
	at sun.rmi.transport.StreamRemoteCall.exceptionReceivedFromServer(Unknown Source)
	at sun.rmi.transport.StreamRemoteCall.executeCall(Unknown Source)
	at sun.rmi.server.UnicastRef.invoke(Unknown Source)
	at sun.rmi.registry.RegistryImpl_Stub.lookup(Unknown Source)
	at java.rmi.Naming.lookup(Unknown Source)
	at il.ac.haifa.is.datacomms.hw2.view.TeamClient.run(TeamClient.java:65)
	at java.lang.Thread.run(Unknown Source)
java.rmi.NotBoundException: RemoteControl
	at sun.rmi.registry.RegistryImpl.lookup(RegistryImpl.java:166)
	at sun.rmi.registry.RegistryImpl_Skel.dispatch(Unknown Source)
	at sun.rmi.server.UnicastServerRef.oldDispatch(UnicastServerRef.java:411)
	at sun.rmi.server.UnicastServerRef.dispatch(UnicastServerRef.java:272)
	at sun.rmi.transport.Transport$1.run(Transport.java:200)
	at sun.rmi.transport.Transport$1.run(Transport.java:197)
	at java.security.AccessController.doPrivileged(Native Method)
	at sun.rmi.transport.Transport.serviceCall(Transport.java:196)
	at sun.rmi.transport.tcp.TCPTransport.handleMessages(TCPTransport.java:568)
	at sun.rmi.transport.tcp.TCPTransport$ConnectionHandler.run0(TCPTransport.java:826)
	at sun.rmi.transport.tcp.TCPTransport$ConnectionHandler.lambda$run$0(TCPTransport.java:683)
	at java.security.AccessController.doPrivileged(Native Method)
	at sun.rmi.transport.tcp.TCPTransport$ConnectionHandler.run(TCPTransport.java:682)
	at java.util.concurrent.ThreadPoolExecutor.runWorker(ThreadPoolExecutor.java:1142)
	at java.util.concurrent.ThreadPoolExecutor$Worker.run(ThreadPoolExecutor.java:617)
	at java.lang.Thread.run(Thread.java:745)
	at sun.rmi.transport.StreamRemoteCall.exceptionReceivedFromServer(Unknown Source)
	at sun.rmi.transport.StreamRemoteCall.executeCall(Unknown Source)
	at sun.rmi.server.UnicastRef.invoke(Unknown Source)
	at sun.rmi.registry.RegistryImpl_Stub.lookup(Unknown Source)
	at java.rmi.Naming.lookup(Unknown Source)
	at il.ac.haifa.is.datacomms.hw2.view.TeamClient.run(TeamClient.java:65)
	at java.lang.Thread.run(Unknown Source)
java.rmi.NotBoundException: RemoteControl
	at sun.rmi.registry.RegistryImpl.lookup(RegistryImpl.java:166)
	at sun.rmi.registry.RegistryImpl_Skel.dispatch(Unknown Source)
	at sun.rmi.server.UnicastServerRef.oldDispatch(UnicastServerRef.java:411)
	at sun.rmi.server.UnicastServerRef.dispatch(UnicastServerRef.java:272)
	at sun.rmi.transport.Transport$1.run(Transport.java:200)
	at sun.rmi.transport.Transport$1.run(Transport.java:197)
	at java.security.AccessController.doPrivileged(Native Method)
	at sun.rmi.transport.Transport.serviceCall(Transport.java:196)
	at sun.rmi.transport.tcp.TCPTransport.handleMessages(TCPTransport.java:568)
	at sun.rmi.transport.tcp.TCPTransport$ConnectionHandler.run0(TCPTransport.java:826)
	at sun.rmi.transport.tcp.TCPTransport$ConnectionHandler.lambda$run$0(TCPTransport.java:683)
	at java.security.AccessController.doPrivileged(Native Method)
	at sun.rmi.transport.tcp.TCPTransport$ConnectionHandler.run(TCPTransport.java:682)
	at java.util.concurrent.ThreadPoolExecutor.runWorker(ThreadPoolExecutor.java:1142)
	at java.util.concurrent.ThreadPoolExecutor$Worker.run(ThreadPoolExecutor.java:617)
	at java.lang.Thread.run(Thread.java:745)
	at sun.rmi.transport.StreamRemoteCall.exceptionReceivedFromServer(Unknown Source)
	at sun.rmi.transport.StreamRemoteCall.executeCall(Unknown Source)
	at sun.rmi.server.UnicastRef.invoke(Unknown Source)
	at sun.rmi.registry.RegistryImpl_Stub.lookup(Unknown Source)
	at java.rmi.Naming.lookup(Unknown Source)
	at il.ac.haifa.is.datacomms.hw2.view.TeamClient.run(TeamClient.java:65)
	at java.lang.Thread.run(Unknown Source)
java.rmi.NotBoundException: RemoteControl
	at sun.rmi.registry.RegistryImpl.lookup(RegistryImpl.java:166)
	at sun.rmi.registry.RegistryImpl_Skel.dispatch(Unknown Source)
	at sun.rmi.server.UnicastServerRef.oldDispatch(UnicastServerRef.java:411)
	at sun.rmi.server.UnicastServerRef.dispatch(UnicastServerRef.java:272)
	at sun.rmi.transport.Transport$1.run(Transport.java:200)
	at sun.rmi.transport.Transport$1.run(Transport.java:197)
	at java.security.AccessController.doPrivileged(Native Method)
	at sun.rmi.transport.Transport.serviceCall(Transport.java:196)
	at sun.rmi.transport.tcp.TCPTransport.handleMessages(TCPTransport.java:568)
	at sun.rmi.transport.tcp.TCPTransport$ConnectionHandler.run0(TCPTransport.java:826)
	at sun.rmi.transport.tcp.TCPTransport$ConnectionHandler.lambda$run$0(TCPTransport.java:683)
	at java.security.AccessController.doPrivileged(Native Method)
	at sun.rmi.transport.tcp.TCPTransport$ConnectionHandler.run(TCPTransport.java:682)
	at java.util.concurrent.ThreadPoolExecutor.runWorker(ThreadPoolExecutor.java:1142)
	at java.util.concurrent.ThreadPoolExecutor$Worker.run(ThreadPoolExecutor.java:617)
	at java.lang.Thread.run(Thread.java:745)
	at sun.rmi.transport.StreamRemoteCall.exceptionReceivedFromServer(Unknown Source)
	at sun.rmi.transport.StreamRemoteCall.executeCall(Unknown Source)
	at sun.rmi.server.UnicastRef.invoke(Unknown Source)
	at sun.rmi.registry.RegistryImpl_Stub.lookup(Unknown Source)
	at java.rmi.Naming.lookup(Unknown Source)
	at il.ac.haifa.is.datacomms.hw2.view.TeamClient.run(TeamClient.java:65)
	at java.lang.Thread.run(Unknown Source)
java.rmi.NotBoundException: RemoteControl
	at sun.rmi.registry.RegistryImpl.lookup(RegistryImpl.java:166)
	at sun.rmi.registry.RegistryImpl_Skel.dispatch(Unknown Source)
	at sun.rmi.server.UnicastServerRef.oldDispatch(UnicastServerRef.java:411)
	at sun.rmi.server.UnicastServerRef.dispatch(UnicastServerRef.java:272)
	at sun.rmi.transport.Transport$1.run(Transport.java:200)
	at sun.rmi.transport.Transport$1.run(Transport.java:197)
	at java.security.AccessController.doPrivileged(Native Method)
	at sun.rmi.transport.Transport.serviceCall(Transport.java:196)
	at sun.rmi.transport.tcp.TCPTransport.handleMessages(TCPTransport.java:568)
	at sun.rmi.transport.tcp.TCPTransport$ConnectionHandler.run0(TCPTransport.java:826)
	at sun.rmi.transport.tcp.TCPTransport$ConnectionHandler.lambda$run$0(TCPTransport.java:683)
	at java.security.AccessController.doPrivileged(Native Method)
	at sun.rmi.transport.tcp.TCPTransport$ConnectionHandler.run(TCPTransport.java:682)
	at java.util.concurrent.ThreadPoolExecutor.runWorker(ThreadPoolExecutor.java:1142)
	at java.util.concurrent.ThreadPoolExecutor$Worker.run(ThreadPoolExecutor.java:617)
	at java.lang.Thread.run(Thread.java:745)
	at sun.rmi.transport.StreamRemoteCall.exceptionReceivedFromServer(Unknown Source)
	at sun.rmi.transport.StreamRemoteCall.executeCall(Unknown Source)
	at sun.rmi.server.UnicastRef.invoke(Unknown Source)
	at sun.rmi.registry.RegistryImpl_Stub.lookup(Unknown Source)
	at java.rmi.Naming.lookup(Unknown Source)
	at il.ac.haifa.is.datacomms.hw2.view.TeamClient.run(TeamClient.java:65)
	at java.lang.Thread.run(Unknown Source)
java.rmi.NotBoundException: RemoteControl
	at sun.rmi.registry.RegistryImpl.lookup(RegistryImpl.java:166)
	at sun.rmi.registry.RegistryImpl_Skel.dispatch(Unknown Source)
	at sun.rmi.server.UnicastServerRef.oldDispatch(UnicastServerRef.java:411)
	at sun.rmi.server.UnicastServerRef.dispatch(UnicastServerRef.java:272)
	at sun.rmi.transport.Transport$1.run(Transport.java:200)
	at sun.rmi.transport.Transport$1.run(Transport.java:197)
	at java.security.AccessController.doPrivileged(Native Method)
	at sun.rmi.transport.Transport.serviceCall(Transport.java:196)
	at sun.rmi.transport.tcp.TCPTransport.handleMessages(TCPTransport.java:568)
	at sun.rmi.transport.tcp.TCPTransport$ConnectionHandler.run0(TCPTransport.java:826)
	at sun.rmi.transport.tcp.TCPTransport$ConnectionHandler.lambda$run$0(TCPTransport.java:683)
	at java.security.AccessController.doPrivileged(Native Method)
	at sun.rmi.transport.tcp.TCPTransport$ConnectionHandler.run(TCPTransport.java:682)
	at java.util.concurrent.ThreadPoolExecutor.runWorker(ThreadPoolExecutor.java:1142)
	at java.util.concurrent.ThreadPoolExecutor$Worker.run(ThreadPoolExecutor.java:617)
	at java.lang.Thread.run(Thread.java:745)
	at sun.rmi.transport.StreamRemoteCall.exceptionReceivedFromServer(Unknown Source)
	at sun.rmi.transport.StreamRemoteCall.executeCall(Unknown Source)
	at sun.rmi.server.UnicastRef.invoke(Unknown Source)
	at sun.rmi.registry.RegistryImpl_Stub.lookup(Unknown Source)
	at java.rmi.Naming.lookup(Unknown Source)
	at il.ac.haifa.is.datacomms.hw2.view.Main.main(Main.java:59)
Exception in thread "main" java.lang.NullPointerException
	at il.ac.haifa.is.datacomms.hw2.view.Main.main(Main.java:65)
