14:34:44.341 - 14:34:44.333 model server is Up!

14:34:44.341 - Binding AmazingRace Instance to registry
14:34:44.487 - Biding BGAirport instance to registry
14:34:44.491 - Creating flight ID: 1
14:34:44.491 - Creating flight ID: 2
14:34:44.492 - Creating flight ID: 3
14:34:44.492 - Creating flight ID: 4
14:34:44.492 - Creating flight ID: 5
14:34:44.493 - Creating flight ID: 6
14:34:44.493 - Creating flight ID: 7
14:34:44.493 - Creating flight ID: 8
14:34:44.494 - Creating flight ID: 9
14:34:44.494 - Creating flight ID: 10
14:34:44.494 - Creating flight ID: 11
14:34:44.495 - Creating flight ID: 12
14:34:44.495 - Creating flight ID: 13
14:34:44.497 - Creating flight ID: 14
14:34:44.498 - Creating flight ID: 15
14:34:44.499 - Creating flight ID: 16
14:34:44.499 - Creating flight ID: 17
14:34:44.500 - Creating flight ID: 18
14:34:44.500 - Creating flight ID: 19
14:34:44.500 - Creating flight ID: 20
14:34:44.501 - Creating flight ID: 21
14:34:44.514 - Binding success.
