14:33:20.310 - 14:33:20.298 model server is Up!

14:33:20.311 - Binding AmazingRace Instance to registry
14:33:20.502 - Biding BGAirport instance to registry
14:33:20.507 - Creating flight ID: 1
14:33:20.507 - Creating flight ID: 2
14:33:20.507 - Creating flight ID: 3
14:33:20.507 - Creating flight ID: 4
14:33:20.508 - Creating flight ID: 5
14:33:20.508 - Creating flight ID: 6
14:33:20.508 - Creating flight ID: 7
14:33:20.509 - Creating flight ID: 8
14:33:20.509 - Creating flight ID: 9
14:33:20.510 - Creating flight ID: 10
14:33:20.510 - Creating flight ID: 11
14:33:20.511 - Creating flight ID: 12
14:33:20.513 - Creating flight ID: 13
14:33:20.514 - Creating flight ID: 14
14:33:20.515 - Creating flight ID: 15
14:33:20.515 - Creating flight ID: 16
14:33:20.516 - Creating flight ID: 17
14:33:20.516 - Creating flight ID: 18
14:33:20.517 - Creating flight ID: 19
14:33:20.517 - Creating flight ID: 20
14:33:20.517 - Creating flight ID: 21
14:33:20.529 - Binding success.
